0 info it worked if it ends with ok
1 verbose cli [ '/Users/cbpetersen/.nvm/versions/node/v7.3.0/bin/node',
1 verbose cli   '/Users/cbpetersen/.nvm/versions/node/v7.3.0/bin/npm',
1 verbose cli   'run',
1 verbose cli   'flow-check' ]
2 info using npm@4.1.1
3 info using node@v7.3.0
4 verbose run-script [ 'preflow-check', 'flow-check', 'postflow-check' ]
5 info lifecycle protobuf-to-react-native-bridge-bindings@0.0.1~preflow-check: protobuf-to-react-native-bridge-bindings@0.0.1
6 silly lifecycle protobuf-to-react-native-bridge-bindings@0.0.1~preflow-check: no script for preflow-check, continuing
7 info lifecycle protobuf-to-react-native-bridge-bindings@0.0.1~flow-check: protobuf-to-react-native-bridge-bindings@0.0.1
8 verbose lifecycle protobuf-to-react-native-bridge-bindings@0.0.1~flow-check: unsafe-perm in lifecycle true
9 verbose lifecycle protobuf-to-react-native-bridge-bindings@0.0.1~flow-check: PATH: /Users/cbpetersen/.nvm/versions/node/v7.3.0/lib/node_modules/npm/bin/node-gyp-bin:/Users/cbpetersen/Code/drivr/proto2rnbridge/node_modules/.bin:/Users/cbpetersen/.rvm/gems/ruby-2.3.3/bin:/Users/cbpetersen/.rvm/gems/ruby-2.3.3@global/bin:/Users/cbpetersen/.rvm/rubies/ruby-2.3.3/bin:/Users/cbpetersen/Code/cocos2d-x-3.14.1/templates:/Users/cbpetersen/Code:/Users/cbpetersen/Code/cocos2d-x-3.14.1/tools/cocos2d-console/bin:/usr/local/bin:/usr/bin:/bin:/usr/sbin:/sbin:/usr/local/share/dotnet:/Library/Frameworks/Mono.framework/Versions/Current/Commands:/Users/cbpetersen/.nvm/versions/node/v7.3.0/bin:/Users/cbpetersen/.rvm/bin
10 verbose lifecycle protobuf-to-react-native-bridge-bindings@0.0.1~flow-check: CWD: /Users/cbpetersen/Code/drivr/proto2rnbridge
11 silly lifecycle protobuf-to-react-native-bridge-bindings@0.0.1~flow-check: Args: [ '-c', 'flow check' ]
12 silly lifecycle protobuf-to-react-native-bridge-bindings@0.0.1~flow-check: Returned: code: 2  signal: null
13 info lifecycle protobuf-to-react-native-bridge-bindings@0.0.1~flow-check: Failed to exec flow-check script
14 verbose stack Error: protobuf-to-react-native-bridge-bindings@0.0.1 flow-check: `flow check`
14 verbose stack Exit status 2
14 verbose stack     at EventEmitter.<anonymous> (/Users/cbpetersen/.nvm/versions/node/v7.3.0/lib/node_modules/npm/lib/utils/lifecycle.js:279:16)
14 verbose stack     at emitTwo (events.js:106:13)
14 verbose stack     at EventEmitter.emit (events.js:191:7)
14 verbose stack     at ChildProcess.<anonymous> (/Users/cbpetersen/.nvm/versions/node/v7.3.0/lib/node_modules/npm/lib/utils/spawn.js:40:14)
14 verbose stack     at emitTwo (events.js:106:13)
14 verbose stack     at ChildProcess.emit (events.js:191:7)
14 verbose stack     at maybeClose (internal/child_process.js:885:16)
14 verbose stack     at Process.ChildProcess._handle.onexit (internal/child_process.js:226:5)
15 verbose pkgid protobuf-to-react-native-bridge-bindings@0.0.1
16 verbose cwd /Users/cbpetersen/Code/drivr/proto2rnbridge
17 error Darwin 16.5.0
18 error argv "/Users/cbpetersen/.nvm/versions/node/v7.3.0/bin/node" "/Users/cbpetersen/.nvm/versions/node/v7.3.0/bin/npm" "run" "flow-check"
19 error node v7.3.0
20 error npm  v4.1.1
21 error code ELIFECYCLE
22 error protobuf-to-react-native-bridge-bindings@0.0.1 flow-check: `flow check`
22 error Exit status 2
23 error Failed at the protobuf-to-react-native-bridge-bindings@0.0.1 flow-check script 'flow check'.
23 error Make sure you have the latest version of node.js and npm installed.
23 error If you do, this is most likely a problem with the protobuf-to-react-native-bridge-bindings package,
23 error not with npm itself.
23 error Tell the author that this fails on your system:
23 error     flow check
23 error You can get information on how to open an issue for this project with:
23 error     npm bugs protobuf-to-react-native-bridge-bindings
23 error Or if that isn't available, you can get their info via:
23 error     npm owner ls protobuf-to-react-native-bridge-bindings
23 error There is likely additional logging output above.
24 verbose exit [ 1, true ]
